{"C:\\Users\\anurmatov\\Desktop\\angular\\organizer\\app.js": {"path":"C:\\Users\\anurmatov\\Desktop\\angular\\organizer\\app.js","statementMap":{"0":{"start":{"line":1,"column":16},"end":{"line":1,"column":34}},"1":{"start":{"line":2,"column":15},"end":{"line":2,"column":32}},"2":{"start":{"line":3,"column":13},"end":{"line":3,"column":28}},"3":{"start":{"line":4,"column":15},"end":{"line":4,"column":32}},"4":{"start":{"line":6,"column":20},"end":{"line":6,"column":42}},"5":{"start":{"line":7,"column":17},"end":{"line":7,"column":36}},"6":{"start":{"line":8,"column":13},"end":{"line":8,"column":59}},"7":{"start":{"line":10,"column":20},"end":{"line":10,"column":58}},"8":{"start":{"line":11,"column":23},"end":{"line":11,"column":64}},"9":{"start":{"line":12,"column":20},"end":{"line":12,"column":58}},"10":{"start":{"line":14,"column":0},"end":{"line":14,"column":16}},"11":{"start":{"line":15,"column":12},"end":{"line":15,"column":21}},"12":{"start":{"line":18,"column":0},"end":{"line":18,"column":16}},"13":{"start":{"line":19,"column":0},"end":{"line":19,"column":24}},"14":{"start":{"line":20,"column":0},"end":{"line":20,"column":48}},"15":{"start":{"line":21,"column":0},"end":{"line":21,"column":23}},"16":{"start":{"line":22,"column":0},"end":{"line":22,"column":31}},"17":{"start":{"line":25,"column":0},"end":{"line":25,"column":37}},"18":{"start":{"line":26,"column":0},"end":{"line":26,"column":43}},"19":{"start":{"line":27,"column":0},"end":{"line":27,"column":31}},"20":{"start":{"line":30,"column":0},"end":{"line":32,"column":3}},"21":{"start":{"line":31,"column":2},"end":{"line":31,"column":38}},"22":{"start":{"line":34,"column":0},"end":{"line":40,"column":3}},"23":{"start":{"line":35,"column":2},"end":{"line":35,"column":34}},"24":{"start":{"line":36,"column":2},"end":{"line":39,"column":5}},"25":{"start":{"line":42,"column":0},"end":{"line":42,"column":21}}},"fnMap":{"0":{"name":"(anonymous_0)","decl":{"start":{"line":30,"column":8},"end":{"line":30,"column":9}},"loc":{"start":{"line":30,"column":28},"end":{"line":32,"column":1}},"line":30},"1":{"name":"(anonymous_1)","decl":{"start":{"line":34,"column":8},"end":{"line":34,"column":9}},"loc":{"start":{"line":34,"column":35},"end":{"line":40,"column":1}},"line":34}},"branchMap":{"0":{"loc":{"start":{"line":35,"column":13},"end":{"line":35,"column":32}},"type":"binary-expr","locations":[{"start":{"line":35,"column":13},"end":{"line":35,"column":25}},{"start":{"line":35,"column":29},"end":{"line":35,"column":32}}],"line":35}},"s":{"0":3,"1":3,"2":3,"3":3,"4":3,"5":3,"6":3,"7":3,"8":3,"9":3,"10":3,"11":3,"12":3,"13":3,"14":3,"15":3,"16":3,"17":3,"18":3,"19":3,"20":3,"21":0,"22":3,"23":8,"24":8,"25":3},"f":{"0":0,"1":8},"b":{"0":[8,0]},"_coverageSchema":"1a1c01bbd47fc00a2c39e90264f33305004495a9","hash":"d807cfea4a97ad48bc5b3f1d7252e309f696a319"}
,"C:\\Users\\anurmatov\\Desktop\\angular\\organizer\\api\\controllers\\projects.controller.js": {"path":"C:\\Users\\anurmatov\\Desktop\\angular\\organizer\\api\\controllers\\projects.controller.js","statementMap":{"0":{"start":{"line":1,"column":17},"end":{"line":1,"column":36}},"1":{"start":{"line":2,"column":20},"end":{"line":2,"column":42}},"2":{"start":{"line":3,"column":23},"end":{"line":3,"column":61}},"3":{"start":{"line":4,"column":20},"end":{"line":4,"column":55}},"4":{"start":{"line":5,"column":18},"end":{"line":5,"column":47}},"5":{"start":{"line":7,"column":24},"end":{"line":15,"column":1}},"6":{"start":{"line":8,"column":2},"end":{"line":14,"column":3}},"7":{"start":{"line":9,"column":19},"end":{"line":9,"column":31}},"8":{"start":{"line":10,"column":21},"end":{"line":10,"column":65}},"9":{"start":{"line":11,"column":4},"end":{"line":11,"column":35}},"10":{"start":{"line":13,"column":4},"end":{"line":13,"column":16}},"11":{"start":{"line":17,"column":28},"end":{"line":35,"column":1}},"12":{"start":{"line":18,"column":2},"end":{"line":34,"column":3}},"13":{"start":{"line":19,"column":23},"end":{"line":19,"column":63}},"14":{"start":{"line":20,"column":18},"end":{"line":20,"column":61}},"15":{"start":{"line":21,"column":20},"end":{"line":25,"column":5}},"16":{"start":{"line":26,"column":4},"end":{"line":28,"column":5}},"17":{"start":{"line":27,"column":6},"end":{"line":27,"column":50}},"18":{"start":{"line":30,"column":4},"end":{"line":30,"column":34}},"19":{"start":{"line":32,"column":4},"end":{"line":32,"column":23}},"20":{"start":{"line":33,"column":4},"end":{"line":33,"column":16}},"21":{"start":{"line":37,"column":22},"end":{"line":53,"column":1}},"22":{"start":{"line":38,"column":2},"end":{"line":52,"column":3}},"23":{"start":{"line":39,"column":19},"end":{"line":39,"column":31}},"24":{"start":{"line":40,"column":23},"end":{"line":43,"column":6}},"25":{"start":{"line":44,"column":4},"end":{"line":44,"column":50}},"26":{"start":{"line":46,"column":4},"end":{"line":49,"column":5}},"27":{"start":{"line":47,"column":6},"end":{"line":47,"column":45}},"28":{"start":{"line":48,"column":6},"end":{"line":48,"column":13}},"29":{"start":{"line":51,"column":4},"end":{"line":51,"column":16}},"30":{"start":{"line":55,"column":25},"end":{"line":70,"column":1}},"31":{"start":{"line":56,"column":2},"end":{"line":69,"column":3}},"32":{"start":{"line":57,"column":20},"end":{"line":60,"column":5}},"33":{"start":{"line":62,"column":4},"end":{"line":64,"column":5}},"34":{"start":{"line":63,"column":6},"end":{"line":63,"column":50}},"35":{"start":{"line":66,"column":4},"end":{"line":66,"column":47}},"36":{"start":{"line":68,"column":4},"end":{"line":68,"column":16}},"37":{"start":{"line":72,"column":30},"end":{"line":87,"column":1}},"38":{"start":{"line":73,"column":2},"end":{"line":86,"column":3}},"39":{"start":{"line":74,"column":20},"end":{"line":77,"column":5}},"40":{"start":{"line":79,"column":4},"end":{"line":81,"column":5}},"41":{"start":{"line":80,"column":6},"end":{"line":80,"column":50}},"42":{"start":{"line":83,"column":4},"end":{"line":83,"column":47}},"43":{"start":{"line":85,"column":4},"end":{"line":85,"column":16}},"44":{"start":{"line":89,"column":22},"end":{"line":111,"column":1}},"45":{"start":{"line":90,"column":2},"end":{"line":110,"column":3}},"46":{"start":{"line":91,"column":20},"end":{"line":91,"column":79}},"47":{"start":{"line":93,"column":4},"end":{"line":95,"column":5}},"48":{"start":{"line":94,"column":6},"end":{"line":94,"column":50}},"49":{"start":{"line":97,"column":4},"end":{"line":97,"column":47}},"50":{"start":{"line":99,"column":4},"end":{"line":102,"column":5}},"51":{"start":{"line":100,"column":6},"end":{"line":100,"column":43}},"52":{"start":{"line":101,"column":6},"end":{"line":101,"column":13}},"53":{"start":{"line":104,"column":4},"end":{"line":107,"column":5}},"54":{"start":{"line":105,"column":6},"end":{"line":105,"column":45}},"55":{"start":{"line":106,"column":6},"end":{"line":106,"column":13}},"56":{"start":{"line":109,"column":4},"end":{"line":109,"column":16}},"57":{"start":{"line":113,"column":22},"end":{"line":136,"column":1}},"58":{"start":{"line":114,"column":2},"end":{"line":135,"column":3}},"59":{"start":{"line":115,"column":20},"end":{"line":115,"column":70}},"60":{"start":{"line":117,"column":4},"end":{"line":119,"column":5}},"61":{"start":{"line":118,"column":6},"end":{"line":118,"column":50}},"62":{"start":{"line":121,"column":4},"end":{"line":123,"column":5}},"63":{"start":{"line":121,"column":17},"end":{"line":121,"column":18}},"64":{"start":{"line":122,"column":6},"end":{"line":122,"column":53}},"65":{"start":{"line":125,"column":4},"end":{"line":125,"column":54}},"66":{"start":{"line":127,"column":4},"end":{"line":127,"column":49}},"67":{"start":{"line":129,"column":4},"end":{"line":132,"column":5}},"68":{"start":{"line":130,"column":6},"end":{"line":130,"column":43}},"69":{"start":{"line":131,"column":6},"end":{"line":131,"column":13}},"70":{"start":{"line":134,"column":4},"end":{"line":134,"column":16}},"71":{"start":{"line":138,"column":0},"end":{"line":146,"column":2}}},"fnMap":{"0":{"name":"(anonymous_0)","decl":{"start":{"line":7,"column":24},"end":{"line":7,"column":25}},"loc":{"start":{"line":7,"column":50},"end":{"line":15,"column":1}},"line":7},"1":{"name":"(anonymous_1)","decl":{"start":{"line":17,"column":28},"end":{"line":17,"column":29}},"loc":{"start":{"line":17,"column":54},"end":{"line":35,"column":1}},"line":17},"2":{"name":"(anonymous_2)","decl":{"start":{"line":37,"column":22},"end":{"line":37,"column":23}},"loc":{"start":{"line":37,"column":48},"end":{"line":53,"column":1}},"line":37},"3":{"name":"(anonymous_3)","decl":{"start":{"line":55,"column":25},"end":{"line":55,"column":26}},"loc":{"start":{"line":55,"column":51},"end":{"line":70,"column":1}},"line":55},"4":{"name":"(anonymous_4)","decl":{"start":{"line":72,"column":30},"end":{"line":72,"column":31}},"loc":{"start":{"line":72,"column":56},"end":{"line":87,"column":1}},"line":72},"5":{"name":"(anonymous_5)","decl":{"start":{"line":89,"column":22},"end":{"line":89,"column":23}},"loc":{"start":{"line":89,"column":48},"end":{"line":111,"column":1}},"line":89},"6":{"name":"(anonymous_6)","decl":{"start":{"line":113,"column":22},"end":{"line":113,"column":23}},"loc":{"start":{"line":113,"column":48},"end":{"line":136,"column":1}},"line":113}},"branchMap":{"0":{"loc":{"start":{"line":19,"column":23},"end":{"line":19,"column":63}},"type":"binary-expr","locations":[{"start":{"line":19,"column":23},"end":{"line":19,"column":37}},{"start":{"line":19,"column":41},"end":{"line":19,"column":63}}],"line":19},"1":{"loc":{"start":{"line":20,"column":18},"end":{"line":20,"column":61}},"type":"binary-expr","locations":[{"start":{"line":20,"column":18},"end":{"line":20,"column":33}},{"start":{"line":20,"column":37},"end":{"line":20,"column":61}}],"line":20},"2":{"loc":{"start":{"line":26,"column":4},"end":{"line":28,"column":5}},"type":"if","locations":[{"start":{"line":26,"column":4},"end":{"line":28,"column":5}},{"start":{},"end":{}}],"line":26},"3":{"loc":{"start":{"line":46,"column":4},"end":{"line":49,"column":5}},"type":"if","locations":[{"start":{"line":46,"column":4},"end":{"line":49,"column":5}},{"start":{},"end":{}}],"line":46},"4":{"loc":{"start":{"line":62,"column":4},"end":{"line":64,"column":5}},"type":"if","locations":[{"start":{"line":62,"column":4},"end":{"line":64,"column":5}},{"start":{},"end":{}}],"line":62},"5":{"loc":{"start":{"line":79,"column":4},"end":{"line":81,"column":5}},"type":"if","locations":[{"start":{"line":79,"column":4},"end":{"line":81,"column":5}},{"start":{},"end":{}}],"line":79},"6":{"loc":{"start":{"line":93,"column":4},"end":{"line":95,"column":5}},"type":"if","locations":[{"start":{"line":93,"column":4},"end":{"line":95,"column":5}},{"start":{},"end":{}}],"line":93},"7":{"loc":{"start":{"line":99,"column":4},"end":{"line":102,"column":5}},"type":"if","locations":[{"start":{"line":99,"column":4},"end":{"line":102,"column":5}},{"start":{},"end":{}}],"line":99},"8":{"loc":{"start":{"line":104,"column":4},"end":{"line":107,"column":5}},"type":"if","locations":[{"start":{"line":104,"column":4},"end":{"line":107,"column":5}},{"start":{},"end":{}}],"line":104},"9":{"loc":{"start":{"line":117,"column":4},"end":{"line":119,"column":5}},"type":"if","locations":[{"start":{"line":117,"column":4},"end":{"line":119,"column":5}},{"start":{},"end":{}}],"line":117},"10":{"loc":{"start":{"line":129,"column":4},"end":{"line":132,"column":5}},"type":"if","locations":[{"start":{"line":129,"column":4},"end":{"line":132,"column":5}},{"start":{},"end":{}}],"line":129}},"s":{"0":3,"1":3,"2":3,"3":3,"4":3,"5":3,"6":1,"7":1,"8":1,"9":1,"10":0,"11":3,"12":1,"13":1,"14":1,"15":1,"16":1,"17":0,"18":1,"19":0,"20":0,"21":3,"22":1,"23":1,"24":1,"25":1,"26":0,"27":0,"28":0,"29":0,"30":3,"31":0,"32":0,"33":0,"34":0,"35":0,"36":0,"37":3,"38":0,"39":0,"40":0,"41":0,"42":0,"43":0,"44":3,"45":1,"46":1,"47":1,"48":0,"49":1,"50":0,"51":0,"52":0,"53":0,"54":0,"55":0,"56":0,"57":3,"58":1,"59":1,"60":1,"61":0,"62":1,"63":1,"64":0,"65":1,"66":1,"67":0,"68":0,"69":0,"70":0,"71":3},"f":{"0":1,"1":1,"2":1,"3":0,"4":0,"5":1,"6":1},"b":{"0":[1,1],"1":[1,1],"2":[0,1],"3":[0,0],"4":[0,0],"5":[0,0],"6":[0,1],"7":[0,0],"8":[0,0],"9":[0,1],"10":[0,0]},"_coverageSchema":"1a1c01bbd47fc00a2c39e90264f33305004495a9","hash":"7dc7bbaab901609d599b27c0fe648b7c99423a0a"}
,"C:\\Users\\anurmatov\\Desktop\\angular\\organizer\\api\\controllers\\tasks.controller.js": {"path":"C:\\Users\\anurmatov\\Desktop\\angular\\organizer\\api\\controllers\\tasks.controller.js","statementMap":{"0":{"start":{"line":1,"column":17},"end":{"line":1,"column":36}},"1":{"start":{"line":2,"column":20},"end":{"line":2,"column":42}},"2":{"start":{"line":3,"column":20},"end":{"line":3,"column":58}},"3":{"start":{"line":4,"column":18},"end":{"line":4,"column":47}},"4":{"start":{"line":6,"column":21},"end":{"line":17,"column":1}},"5":{"start":{"line":7,"column":2},"end":{"line":16,"column":3}},"6":{"start":{"line":8,"column":19},"end":{"line":8,"column":31}},"7":{"start":{"line":9,"column":23},"end":{"line":9,"column":63}},"8":{"start":{"line":10,"column":18},"end":{"line":10,"column":61}},"9":{"start":{"line":11,"column":18},"end":{"line":11,"column":75}},"10":{"start":{"line":13,"column":4},"end":{"line":13,"column":32}},"11":{"start":{"line":15,"column":4},"end":{"line":15,"column":16}},"12":{"start":{"line":19,"column":19},"end":{"line":39,"column":1}},"13":{"start":{"line":20,"column":2},"end":{"line":38,"column":3}},"14":{"start":{"line":21,"column":19},"end":{"line":21,"column":31}},"15":{"start":{"line":22,"column":20},"end":{"line":28,"column":5}},"16":{"start":{"line":30,"column":4},"end":{"line":30,"column":47}},"17":{"start":{"line":32,"column":4},"end":{"line":35,"column":5}},"18":{"start":{"line":33,"column":6},"end":{"line":33,"column":45}},"19":{"start":{"line":34,"column":6},"end":{"line":34,"column":13}},"20":{"start":{"line":37,"column":4},"end":{"line":37,"column":16}},"21":{"start":{"line":41,"column":19},"end":{"line":63,"column":1}},"22":{"start":{"line":42,"column":2},"end":{"line":62,"column":3}},"23":{"start":{"line":43,"column":24},"end":{"line":43,"column":77}},"24":{"start":{"line":45,"column":4},"end":{"line":47,"column":5}},"25":{"start":{"line":46,"column":6},"end":{"line":46,"column":47}},"26":{"start":{"line":49,"column":4},"end":{"line":49,"column":51}},"27":{"start":{"line":51,"column":4},"end":{"line":54,"column":5}},"28":{"start":{"line":52,"column":6},"end":{"line":52,"column":43}},"29":{"start":{"line":53,"column":6},"end":{"line":53,"column":13}},"30":{"start":{"line":56,"column":4},"end":{"line":59,"column":5}},"31":{"start":{"line":57,"column":6},"end":{"line":57,"column":45}},"32":{"start":{"line":58,"column":6},"end":{"line":58,"column":13}},"33":{"start":{"line":61,"column":4},"end":{"line":61,"column":16}},"34":{"start":{"line":65,"column":21},"end":{"line":75,"column":1}},"35":{"start":{"line":66,"column":2},"end":{"line":74,"column":3}},"36":{"start":{"line":67,"column":26},"end":{"line":67,"column":34}},"37":{"start":{"line":68,"column":4},"end":{"line":70,"column":7}},"38":{"start":{"line":69,"column":6},"end":{"line":69,"column":63}},"39":{"start":{"line":71,"column":4},"end":{"line":71,"column":57}},"40":{"start":{"line":73,"column":4},"end":{"line":73,"column":16}},"41":{"start":{"line":77,"column":19},"end":{"line":97,"column":1}},"42":{"start":{"line":78,"column":2},"end":{"line":96,"column":3}},"43":{"start":{"line":79,"column":17},"end":{"line":82,"column":5}},"44":{"start":{"line":84,"column":4},"end":{"line":86,"column":5}},"45":{"start":{"line":85,"column":6},"end":{"line":85,"column":47}},"46":{"start":{"line":88,"column":4},"end":{"line":88,"column":49}},"47":{"start":{"line":90,"column":4},"end":{"line":93,"column":5}},"48":{"start":{"line":91,"column":6},"end":{"line":91,"column":43}},"49":{"start":{"line":92,"column":6},"end":{"line":92,"column":13}},"50":{"start":{"line":95,"column":4},"end":{"line":95,"column":16}},"51":{"start":{"line":99,"column":0},"end":{"line":105,"column":2}}},"fnMap":{"0":{"name":"(anonymous_0)","decl":{"start":{"line":6,"column":21},"end":{"line":6,"column":22}},"loc":{"start":{"line":6,"column":47},"end":{"line":17,"column":1}},"line":6},"1":{"name":"(anonymous_1)","decl":{"start":{"line":19,"column":19},"end":{"line":19,"column":20}},"loc":{"start":{"line":19,"column":45},"end":{"line":39,"column":1}},"line":19},"2":{"name":"(anonymous_2)","decl":{"start":{"line":41,"column":19},"end":{"line":41,"column":20}},"loc":{"start":{"line":41,"column":45},"end":{"line":63,"column":1}},"line":41},"3":{"name":"(anonymous_3)","decl":{"start":{"line":65,"column":21},"end":{"line":65,"column":22}},"loc":{"start":{"line":65,"column":47},"end":{"line":75,"column":1}},"line":65},"4":{"name":"(anonymous_4)","decl":{"start":{"line":68,"column":22},"end":{"line":68,"column":23}},"loc":{"start":{"line":68,"column":44},"end":{"line":70,"column":5}},"line":68},"5":{"name":"(anonymous_5)","decl":{"start":{"line":77,"column":19},"end":{"line":77,"column":20}},"loc":{"start":{"line":77,"column":45},"end":{"line":97,"column":1}},"line":77}},"branchMap":{"0":{"loc":{"start":{"line":9,"column":23},"end":{"line":9,"column":63}},"type":"binary-expr","locations":[{"start":{"line":9,"column":23},"end":{"line":9,"column":37}},{"start":{"line":9,"column":41},"end":{"line":9,"column":63}}],"line":9},"1":{"loc":{"start":{"line":10,"column":18},"end":{"line":10,"column":61}},"type":"binary-expr","locations":[{"start":{"line":10,"column":18},"end":{"line":10,"column":33}},{"start":{"line":10,"column":37},"end":{"line":10,"column":61}}],"line":10},"2":{"loc":{"start":{"line":32,"column":4},"end":{"line":35,"column":5}},"type":"if","locations":[{"start":{"line":32,"column":4},"end":{"line":35,"column":5}},{"start":{},"end":{}}],"line":32},"3":{"loc":{"start":{"line":45,"column":4},"end":{"line":47,"column":5}},"type":"if","locations":[{"start":{"line":45,"column":4},"end":{"line":47,"column":5}},{"start":{},"end":{}}],"line":45},"4":{"loc":{"start":{"line":51,"column":4},"end":{"line":54,"column":5}},"type":"if","locations":[{"start":{"line":51,"column":4},"end":{"line":54,"column":5}},{"start":{},"end":{}}],"line":51},"5":{"loc":{"start":{"line":56,"column":4},"end":{"line":59,"column":5}},"type":"if","locations":[{"start":{"line":56,"column":4},"end":{"line":59,"column":5}},{"start":{},"end":{}}],"line":56},"6":{"loc":{"start":{"line":84,"column":4},"end":{"line":86,"column":5}},"type":"if","locations":[{"start":{"line":84,"column":4},"end":{"line":86,"column":5}},{"start":{},"end":{}}],"line":84},"7":{"loc":{"start":{"line":90,"column":4},"end":{"line":93,"column":5}},"type":"if","locations":[{"start":{"line":90,"column":4},"end":{"line":93,"column":5}},{"start":{},"end":{}}],"line":90}},"s":{"0":3,"1":3,"2":3,"3":3,"4":3,"5":1,"6":1,"7":1,"8":1,"9":1,"10":1,"11":0,"12":3,"13":1,"14":1,"15":1,"16":1,"17":0,"18":0,"19":0,"20":0,"21":3,"22":1,"23":1,"24":1,"25":0,"26":1,"27":0,"28":0,"29":0,"30":0,"31":0,"32":0,"33":0,"34":3,"35":1,"36":1,"37":1,"38":1,"39":1,"40":0,"41":3,"42":2,"43":2,"44":1,"45":0,"46":1,"47":1,"48":1,"49":1,"50":0,"51":3},"f":{"0":1,"1":1,"2":1,"3":1,"4":1,"5":2},"b":{"0":[1,1],"1":[1,1],"2":[0,0],"3":[0,1],"4":[0,0],"5":[0,0],"6":[0,1],"7":[1,0]},"_coverageSchema":"1a1c01bbd47fc00a2c39e90264f33305004495a9","hash":"5185c41f1fa45d3336c0d1f5fc70fb5f7e01b89c"}
,"C:\\Users\\anurmatov\\Desktop\\angular\\organizer\\api\\controllers\\users.controller.js": {"path":"C:\\Users\\anurmatov\\Desktop\\angular\\organizer\\api\\controllers\\users.controller.js","statementMap":{"0":{"start":{"line":1,"column":20},"end":{"line":1,"column":55}},"1":{"start":{"line":2,"column":20},"end":{"line":2,"column":42}},"2":{"start":{"line":3,"column":17},"end":{"line":3,"column":36}},"3":{"start":{"line":4,"column":12},"end":{"line":4,"column":35}},"4":{"start":{"line":5,"column":15},"end":{"line":5,"column":32}},"5":{"start":{"line":6,"column":15},"end":{"line":6,"column":32}},"6":{"start":{"line":7,"column":21},"end":{"line":7,"column":57}},"7":{"start":{"line":9,"column":0},"end":{"line":9,"column":16}},"8":{"start":{"line":11,"column":19},"end":{"line":57,"column":1}},"9":{"start":{"line":12,"column":2},"end":{"line":56,"column":3}},"10":{"start":{"line":13,"column":21},"end":{"line":13,"column":29}},"11":{"start":{"line":15,"column":18},"end":{"line":22,"column":5}},"12":{"start":{"line":24,"column":17},"end":{"line":29,"column":6}},"13":{"start":{"line":31,"column":4},"end":{"line":39,"column":6}},"14":{"start":{"line":41,"column":4},"end":{"line":43,"column":7}},"15":{"start":{"line":45,"column":4},"end":{"line":48,"column":5}},"16":{"start":{"line":46,"column":6},"end":{"line":46,"column":53}},"17":{"start":{"line":47,"column":6},"end":{"line":47,"column":13}},"18":{"start":{"line":50,"column":4},"end":{"line":53,"column":5}},"19":{"start":{"line":51,"column":6},"end":{"line":51,"column":45}},"20":{"start":{"line":52,"column":6},"end":{"line":52,"column":13}},"21":{"start":{"line":55,"column":4},"end":{"line":55,"column":16}},"22":{"start":{"line":59,"column":19},"end":{"line":103,"column":1}},"23":{"start":{"line":60,"column":2},"end":{"line":102,"column":3}},"24":{"start":{"line":61,"column":21},"end":{"line":61,"column":29}},"25":{"start":{"line":62,"column":17},"end":{"line":62,"column":65}},"26":{"start":{"line":64,"column":4},"end":{"line":67,"column":5}},"27":{"start":{"line":65,"column":6},"end":{"line":65,"column":60}},"28":{"start":{"line":66,"column":6},"end":{"line":66,"column":13}},"29":{"start":{"line":69,"column":4},"end":{"line":72,"column":5}},"30":{"start":{"line":70,"column":6},"end":{"line":70,"column":76}},"31":{"start":{"line":71,"column":6},"end":{"line":71,"column":13}},"32":{"start":{"line":74,"column":4},"end":{"line":95,"column":5}},"33":{"start":{"line":75,"column":22},"end":{"line":79,"column":7}},"34":{"start":{"line":81,"column":20},"end":{"line":83,"column":8}},"35":{"start":{"line":85,"column":6},"end":{"line":92,"column":9}},"36":{"start":{"line":94,"column":6},"end":{"line":94,"column":63}},"37":{"start":{"line":97,"column":4},"end":{"line":100,"column":5}},"38":{"start":{"line":98,"column":6},"end":{"line":98,"column":45}},"39":{"start":{"line":99,"column":6},"end":{"line":99,"column":13}},"40":{"start":{"line":101,"column":4},"end":{"line":101,"column":16}},"41":{"start":{"line":105,"column":20},"end":{"line":132,"column":1}},"42":{"start":{"line":106,"column":2},"end":{"line":131,"column":3}},"43":{"start":{"line":107,"column":30},"end":{"line":107,"column":46}},"44":{"start":{"line":109,"column":20},"end":{"line":109,"column":49}},"45":{"start":{"line":110,"column":4},"end":{"line":113,"column":5}},"46":{"start":{"line":111,"column":6},"end":{"line":111,"column":46}},"47":{"start":{"line":112,"column":6},"end":{"line":112,"column":13}},"48":{"start":{"line":114,"column":4},"end":{"line":117,"column":5}},"49":{"start":{"line":115,"column":6},"end":{"line":115,"column":46}},"50":{"start":{"line":116,"column":6},"end":{"line":116,"column":13}},"51":{"start":{"line":119,"column":17},"end":{"line":119,"column":67}},"52":{"start":{"line":121,"column":4},"end":{"line":124,"column":5}},"53":{"start":{"line":122,"column":6},"end":{"line":122,"column":42}},"54":{"start":{"line":123,"column":6},"end":{"line":123,"column":13}},"55":{"start":{"line":126,"column":4},"end":{"line":128,"column":7}},"56":{"start":{"line":130,"column":4},"end":{"line":130,"column":16}},"57":{"start":{"line":134,"column":24},"end":{"line":176,"column":1}},"58":{"start":{"line":135,"column":2},"end":{"line":175,"column":3}},"59":{"start":{"line":136,"column":22},"end":{"line":136,"column":30}},"60":{"start":{"line":137,"column":20},"end":{"line":137,"column":37}},"61":{"start":{"line":138,"column":4},"end":{"line":141,"column":5}},"62":{"start":{"line":139,"column":6},"end":{"line":139,"column":46}},"63":{"start":{"line":140,"column":6},"end":{"line":140,"column":13}},"64":{"start":{"line":143,"column":23},"end":{"line":147,"column":5}},"65":{"start":{"line":149,"column":21},"end":{"line":149,"column":65}},"66":{"start":{"line":151,"column":17},"end":{"line":153,"column":6}},"67":{"start":{"line":155,"column":4},"end":{"line":158,"column":5}},"68":{"start":{"line":156,"column":6},"end":{"line":156,"column":42}},"69":{"start":{"line":157,"column":6},"end":{"line":157,"column":13}},"70":{"start":{"line":160,"column":4},"end":{"line":168,"column":6}},"71":{"start":{"line":170,"column":4},"end":{"line":172,"column":7}},"72":{"start":{"line":174,"column":4},"end":{"line":174,"column":16}},"73":{"start":{"line":178,"column":20},"end":{"line":199,"column":1}},"74":{"start":{"line":179,"column":2},"end":{"line":198,"column":3}},"75":{"start":{"line":180,"column":19},"end":{"line":180,"column":31}},"76":{"start":{"line":182,"column":17},"end":{"line":182,"column":54}},"77":{"start":{"line":184,"column":4},"end":{"line":187,"column":5}},"78":{"start":{"line":185,"column":6},"end":{"line":185,"column":42}},"79":{"start":{"line":186,"column":6},"end":{"line":186,"column":13}},"80":{"start":{"line":189,"column":4},"end":{"line":195,"column":7}},"81":{"start":{"line":197,"column":4},"end":{"line":197,"column":16}},"82":{"start":{"line":201,"column":0},"end":{"line":207,"column":2}}},"fnMap":{"0":{"name":"(anonymous_0)","decl":{"start":{"line":11,"column":19},"end":{"line":11,"column":20}},"loc":{"start":{"line":11,"column":45},"end":{"line":57,"column":1}},"line":11},"1":{"name":"(anonymous_1)","decl":{"start":{"line":59,"column":19},"end":{"line":59,"column":20}},"loc":{"start":{"line":59,"column":45},"end":{"line":103,"column":1}},"line":59},"2":{"name":"(anonymous_2)","decl":{"start":{"line":105,"column":20},"end":{"line":105,"column":21}},"loc":{"start":{"line":105,"column":46},"end":{"line":132,"column":1}},"line":105},"3":{"name":"(anonymous_3)","decl":{"start":{"line":134,"column":24},"end":{"line":134,"column":25}},"loc":{"start":{"line":134,"column":50},"end":{"line":176,"column":1}},"line":134},"4":{"name":"(anonymous_4)","decl":{"start":{"line":178,"column":20},"end":{"line":178,"column":21}},"loc":{"start":{"line":178,"column":46},"end":{"line":199,"column":1}},"line":178}},"branchMap":{"0":{"loc":{"start":{"line":45,"column":4},"end":{"line":48,"column":5}},"type":"if","locations":[{"start":{"line":45,"column":4},"end":{"line":48,"column":5}},{"start":{},"end":{}}],"line":45},"1":{"loc":{"start":{"line":50,"column":4},"end":{"line":53,"column":5}},"type":"if","locations":[{"start":{"line":50,"column":4},"end":{"line":53,"column":5}},{"start":{},"end":{}}],"line":50},"2":{"loc":{"start":{"line":64,"column":4},"end":{"line":67,"column":5}},"type":"if","locations":[{"start":{"line":64,"column":4},"end":{"line":67,"column":5}},{"start":{},"end":{}}],"line":64},"3":{"loc":{"start":{"line":69,"column":4},"end":{"line":72,"column":5}},"type":"if","locations":[{"start":{"line":69,"column":4},"end":{"line":72,"column":5}},{"start":{},"end":{}}],"line":69},"4":{"loc":{"start":{"line":74,"column":4},"end":{"line":95,"column":5}},"type":"if","locations":[{"start":{"line":74,"column":4},"end":{"line":95,"column":5}},{"start":{"line":93,"column":11},"end":{"line":95,"column":5}}],"line":74},"5":{"loc":{"start":{"line":97,"column":4},"end":{"line":100,"column":5}},"type":"if","locations":[{"start":{"line":97,"column":4},"end":{"line":100,"column":5}},{"start":{},"end":{}}],"line":97},"6":{"loc":{"start":{"line":110,"column":4},"end":{"line":113,"column":5}},"type":"if","locations":[{"start":{"line":110,"column":4},"end":{"line":113,"column":5}},{"start":{},"end":{}}],"line":110},"7":{"loc":{"start":{"line":114,"column":4},"end":{"line":117,"column":5}},"type":"if","locations":[{"start":{"line":114,"column":4},"end":{"line":117,"column":5}},{"start":{},"end":{}}],"line":114},"8":{"loc":{"start":{"line":121,"column":4},"end":{"line":124,"column":5}},"type":"if","locations":[{"start":{"line":121,"column":4},"end":{"line":124,"column":5}},{"start":{},"end":{}}],"line":121},"9":{"loc":{"start":{"line":138,"column":4},"end":{"line":141,"column":5}},"type":"if","locations":[{"start":{"line":138,"column":4},"end":{"line":141,"column":5}},{"start":{},"end":{}}],"line":138},"10":{"loc":{"start":{"line":155,"column":4},"end":{"line":158,"column":5}},"type":"if","locations":[{"start":{"line":155,"column":4},"end":{"line":158,"column":5}},{"start":{},"end":{}}],"line":155},"11":{"loc":{"start":{"line":184,"column":4},"end":{"line":187,"column":5}},"type":"if","locations":[{"start":{"line":184,"column":4},"end":{"line":187,"column":5}},{"start":{},"end":{}}],"line":184}},"s":{"0":3,"1":3,"2":3,"3":3,"4":3,"5":3,"6":3,"7":3,"8":3,"9":3,"10":3,"11":3,"12":3,"13":3,"14":3,"15":0,"16":0,"17":0,"18":0,"19":0,"20":0,"21":0,"22":3,"23":4,"24":4,"25":4,"26":4,"27":1,"28":1,"29":3,"30":0,"31":0,"32":3,"33":3,"34":3,"35":3,"36":0,"37":0,"38":0,"39":0,"40":0,"41":3,"42":4,"43":4,"44":4,"45":4,"46":1,"47":1,"48":3,"49":0,"50":0,"51":3,"52":3,"53":0,"54":0,"55":3,"56":0,"57":3,"58":2,"59":2,"60":2,"61":2,"62":1,"63":1,"64":1,"65":1,"66":1,"67":1,"68":0,"69":0,"70":1,"71":1,"72":0,"73":3,"74":1,"75":1,"76":1,"77":1,"78":0,"79":0,"80":1,"81":0,"82":3},"f":{"0":3,"1":4,"2":4,"3":2,"4":1},"b":{"0":[0,0],"1":[0,0],"2":[1,3],"3":[0,3],"4":[3,0],"5":[0,0],"6":[1,3],"7":[0,3],"8":[0,3],"9":[1,1],"10":[0,1],"11":[0,1]},"_coverageSchema":"1a1c01bbd47fc00a2c39e90264f33305004495a9","hash":"81259a598a62a77d15d762874bbf0f06d9854d86"}
,"C:\\Users\\anurmatov\\Desktop\\angular\\organizer\\api\\middlewares\\guards\\auth.guard.js": {"path":"C:\\Users\\anurmatov\\Desktop\\angular\\organizer\\api\\middlewares\\guards\\auth.guard.js","statementMap":{"0":{"start":{"line":1,"column":17},"end":{"line":1,"column":36}},"1":{"start":{"line":2,"column":20},"end":{"line":2,"column":43}},"2":{"start":{"line":3,"column":20},"end":{"line":3,"column":58}},"3":{"start":{"line":4,"column":15},"end":{"line":4,"column":32}},"4":{"start":{"line":6,"column":20},"end":{"line":6,"column":40}},"5":{"start":{"line":7,"column":19},"end":{"line":7,"column":41}},"6":{"start":{"line":9,"column":0},"end":{"line":9,"column":16}},"7":{"start":{"line":11,"column":13},"end":{"line":14,"column":1}},"8":{"start":{"line":16,"column":0},"end":{"line":30,"column":2}},"9":{"start":{"line":18,"column":4},"end":{"line":28,"column":5}},"10":{"start":{"line":19,"column":19},"end":{"line":19,"column":65}},"11":{"start":{"line":21,"column":6},"end":{"line":23,"column":7}},"12":{"start":{"line":22,"column":8},"end":{"line":22,"column":32}},"13":{"start":{"line":25,"column":6},"end":{"line":25,"column":31}},"14":{"start":{"line":27,"column":6},"end":{"line":27,"column":32}},"15":{"start":{"line":32,"column":13},"end":{"line":32,"column":61}},"16":{"start":{"line":34,"column":0},"end":{"line":34,"column":22}}},"fnMap":{"0":{"name":"(anonymous_0)","decl":{"start":{"line":17,"column":24},"end":{"line":17,"column":25}},"loc":{"start":{"line":17,"column":53},"end":{"line":29,"column":3}},"line":17}},"branchMap":{"0":{"loc":{"start":{"line":21,"column":6},"end":{"line":23,"column":7}},"type":"if","locations":[{"start":{"line":21,"column":6},"end":{"line":23,"column":7}},{"start":{},"end":{}}],"line":21}},"s":{"0":3,"1":3,"2":3,"3":3,"4":3,"5":3,"6":3,"7":3,"8":3,"9":15,"10":15,"11":15,"12":15,"13":0,"14":0,"15":3,"16":3},"f":{"0":15},"b":{"0":[15,0]},"_coverageSchema":"1a1c01bbd47fc00a2c39e90264f33305004495a9","hash":"114b1d225b2aaf648d120db5e69ec64156be5ce7"}
,"C:\\Users\\anurmatov\\Desktop\\angular\\organizer\\api\\middlewares\\validators\\project.validator.js": {"path":"C:\\Users\\anurmatov\\Desktop\\angular\\organizer\\api\\middlewares\\validators\\project.validator.js","statementMap":{"0":{"start":{"line":1,"column":12},"end":{"line":1,"column":26}},"1":{"start":{"line":2,"column":20},"end":{"line":2,"column":42}},"2":{"start":{"line":4,"column":26},"end":{"line":9,"column":2}},"3":{"start":{"line":11,"column":25},"end":{"line":20,"column":1}},"4":{"start":{"line":12,"column":20},"end":{"line":12,"column":56}},"5":{"start":{"line":14,"column":2},"end":{"line":17,"column":3}},"6":{"start":{"line":15,"column":4},"end":{"line":15,"column":42}},"7":{"start":{"line":16,"column":4},"end":{"line":16,"column":11}},"8":{"start":{"line":19,"column":2},"end":{"line":19,"column":9}},"9":{"start":{"line":22,"column":0},"end":{"line":22,"column":34}}},"fnMap":{"0":{"name":"(anonymous_0)","decl":{"start":{"line":11,"column":25},"end":{"line":11,"column":26}},"loc":{"start":{"line":11,"column":45},"end":{"line":20,"column":1}},"line":11}},"branchMap":{"0":{"loc":{"start":{"line":14,"column":2},"end":{"line":17,"column":3}},"type":"if","locations":[{"start":{"line":14,"column":2},"end":{"line":17,"column":3}},{"start":{},"end":{}}],"line":14}},"s":{"0":3,"1":3,"2":3,"3":3,"4":3,"5":3,"6":1,"7":1,"8":2,"9":3},"f":{"0":3},"b":{"0":[1,2]},"_coverageSchema":"1a1c01bbd47fc00a2c39e90264f33305004495a9","hash":"edb1f7ce739e0695f7258e598f7cd90202441b3f"}
,"C:\\Users\\anurmatov\\Desktop\\angular\\organizer\\api\\middlewares\\validators\\sign-in.validator.js": {"path":"C:\\Users\\anurmatov\\Desktop\\angular\\organizer\\api\\middlewares\\validators\\sign-in.validator.js","statementMap":{"0":{"start":{"line":1,"column":12},"end":{"line":1,"column":26}},"1":{"start":{"line":2,"column":20},"end":{"line":2,"column":42}},"2":{"start":{"line":4,"column":25},"end":{"line":12,"column":2}},"3":{"start":{"line":14,"column":24},"end":{"line":23,"column":1}},"4":{"start":{"line":15,"column":20},"end":{"line":15,"column":55}},"5":{"start":{"line":17,"column":2},"end":{"line":20,"column":3}},"6":{"start":{"line":18,"column":4},"end":{"line":18,"column":54}},"7":{"start":{"line":19,"column":4},"end":{"line":19,"column":11}},"8":{"start":{"line":22,"column":2},"end":{"line":22,"column":9}},"9":{"start":{"line":25,"column":0},"end":{"line":25,"column":33}}},"fnMap":{"0":{"name":"(anonymous_0)","decl":{"start":{"line":14,"column":24},"end":{"line":14,"column":25}},"loc":{"start":{"line":14,"column":44},"end":{"line":23,"column":1}},"line":14}},"branchMap":{"0":{"loc":{"start":{"line":17,"column":2},"end":{"line":20,"column":3}},"type":"if","locations":[{"start":{"line":17,"column":2},"end":{"line":20,"column":3}},{"start":{},"end":{}}],"line":17}},"s":{"0":3,"1":3,"2":3,"3":3,"4":4,"5":4,"6":0,"7":0,"8":4,"9":3},"f":{"0":4},"b":{"0":[0,4]},"_coverageSchema":"1a1c01bbd47fc00a2c39e90264f33305004495a9","hash":"6c281179788a13c2ba1fb2bc6d8b63970ea8b419"}
,"C:\\Users\\anurmatov\\Desktop\\angular\\organizer\\api\\middlewares\\validators\\sign-up.validator.js": {"path":"C:\\Users\\anurmatov\\Desktop\\angular\\organizer\\api\\middlewares\\validators\\sign-up.validator.js","statementMap":{"0":{"start":{"line":1,"column":12},"end":{"line":1,"column":26}},"1":{"start":{"line":2,"column":20},"end":{"line":2,"column":42}},"2":{"start":{"line":4,"column":25},"end":{"line":13,"column":2}},"3":{"start":{"line":15,"column":24},"end":{"line":32,"column":1}},"4":{"start":{"line":16,"column":20},"end":{"line":16,"column":55}},"5":{"start":{"line":18,"column":2},"end":{"line":29,"column":3}},"6":{"start":{"line":19,"column":4},"end":{"line":21,"column":5}},"7":{"start":{"line":20,"column":6},"end":{"line":20,"column":59}},"8":{"start":{"line":22,"column":4},"end":{"line":24,"column":5}},"9":{"start":{"line":23,"column":6},"end":{"line":23,"column":54}},"10":{"start":{"line":25,"column":4},"end":{"line":27,"column":5}},"11":{"start":{"line":26,"column":6},"end":{"line":26,"column":54}},"12":{"start":{"line":28,"column":4},"end":{"line":28,"column":11}},"13":{"start":{"line":31,"column":2},"end":{"line":31,"column":9}},"14":{"start":{"line":34,"column":0},"end":{"line":34,"column":33}}},"fnMap":{"0":{"name":"(anonymous_0)","decl":{"start":{"line":15,"column":24},"end":{"line":15,"column":25}},"loc":{"start":{"line":15,"column":44},"end":{"line":32,"column":1}},"line":15}},"branchMap":{"0":{"loc":{"start":{"line":18,"column":2},"end":{"line":29,"column":3}},"type":"if","locations":[{"start":{"line":18,"column":2},"end":{"line":29,"column":3}},{"start":{},"end":{}}],"line":18},"1":{"loc":{"start":{"line":19,"column":4},"end":{"line":21,"column":5}},"type":"if","locations":[{"start":{"line":19,"column":4},"end":{"line":21,"column":5}},{"start":{},"end":{}}],"line":19},"2":{"loc":{"start":{"line":22,"column":4},"end":{"line":24,"column":5}},"type":"if","locations":[{"start":{"line":22,"column":4},"end":{"line":24,"column":5}},{"start":{},"end":{}}],"line":22},"3":{"loc":{"start":{"line":25,"column":4},"end":{"line":27,"column":5}},"type":"if","locations":[{"start":{"line":25,"column":4},"end":{"line":27,"column":5}},{"start":{},"end":{}}],"line":25}},"s":{"0":3,"1":3,"2":3,"3":3,"4":4,"5":4,"6":1,"7":0,"8":1,"9":0,"10":1,"11":1,"12":1,"13":3,"14":3},"f":{"0":4},"b":{"0":[1,3],"1":[0,1],"2":[0,1],"3":[1,0]},"_coverageSchema":"1a1c01bbd47fc00a2c39e90264f33305004495a9","hash":"f52dab23bb02ba36cb34ddbbdd71b4cf9c85eeca"}
,"C:\\Users\\anurmatov\\Desktop\\angular\\organizer\\api\\middlewares\\validators\\task.validator.js": {"path":"C:\\Users\\anurmatov\\Desktop\\angular\\organizer\\api\\middlewares\\validators\\task.validator.js","statementMap":{"0":{"start":{"line":1,"column":12},"end":{"line":1,"column":26}},"1":{"start":{"line":2,"column":20},"end":{"line":2,"column":42}},"2":{"start":{"line":4,"column":23},"end":{"line":14,"column":2}},"3":{"start":{"line":16,"column":22},"end":{"line":25,"column":1}},"4":{"start":{"line":17,"column":20},"end":{"line":17,"column":53}},"5":{"start":{"line":19,"column":2},"end":{"line":22,"column":3}},"6":{"start":{"line":20,"column":4},"end":{"line":20,"column":42}},"7":{"start":{"line":21,"column":4},"end":{"line":21,"column":11}},"8":{"start":{"line":24,"column":2},"end":{"line":24,"column":9}},"9":{"start":{"line":27,"column":0},"end":{"line":27,"column":31}}},"fnMap":{"0":{"name":"(anonymous_0)","decl":{"start":{"line":16,"column":22},"end":{"line":16,"column":23}},"loc":{"start":{"line":16,"column":42},"end":{"line":25,"column":1}},"line":16}},"branchMap":{"0":{"loc":{"start":{"line":19,"column":2},"end":{"line":22,"column":3}},"type":"if","locations":[{"start":{"line":19,"column":2},"end":{"line":22,"column":3}},{"start":{},"end":{}}],"line":19}},"s":{"0":3,"1":3,"2":3,"3":3,"4":4,"5":4,"6":2,"7":2,"8":2,"9":3},"f":{"0":4},"b":{"0":[2,2]},"_coverageSchema":"1a1c01bbd47fc00a2c39e90264f33305004495a9","hash":"fe4405edd3fd6d3bf9a93fdf92dc570746d049c9"}
,"C:\\Users\\anurmatov\\Desktop\\angular\\organizer\\api\\models\\project.model.js": {"path":"C:\\Users\\anurmatov\\Desktop\\angular\\organizer\\api\\models\\project.model.js","statementMap":{"0":{"start":{"line":1,"column":17},"end":{"line":1,"column":36}},"1":{"start":{"line":2,"column":15},"end":{"line":2,"column":30}},"2":{"start":{"line":4,"column":22},"end":{"line":12,"column":2}},"3":{"start":{"line":14,"column":16},"end":{"line":14,"column":56}},"4":{"start":{"line":16,"column":0},"end":{"line":16,"column":25}}},"fnMap":{},"branchMap":{},"s":{"0":4,"1":4,"2":4,"3":4,"4":4},"f":{},"b":{},"_coverageSchema":"1a1c01bbd47fc00a2c39e90264f33305004495a9","hash":"66b35373bc2f03c037c13f588d490a2fe99a0fa3"}
,"C:\\Users\\anurmatov\\Desktop\\angular\\organizer\\api\\models\\task.model.js": {"path":"C:\\Users\\anurmatov\\Desktop\\angular\\organizer\\api\\models\\task.model.js","statementMap":{"0":{"start":{"line":1,"column":17},"end":{"line":1,"column":36}},"1":{"start":{"line":3,"column":15},"end":{"line":3,"column":30}},"2":{"start":{"line":5,"column":19},"end":{"line":37,"column":2}},"3":{"start":{"line":39,"column":13},"end":{"line":39,"column":47}},"4":{"start":{"line":41,"column":0},"end":{"line":41,"column":22}}},"fnMap":{},"branchMap":{},"s":{"0":3,"1":3,"2":3,"3":3,"4":3},"f":{},"b":{},"_coverageSchema":"1a1c01bbd47fc00a2c39e90264f33305004495a9","hash":"c1f804ec6e286d72ca0b33b3d391248b96b390ad"}
,"C:\\Users\\anurmatov\\Desktop\\angular\\organizer\\api\\models\\user.model.js": {"path":"C:\\Users\\anurmatov\\Desktop\\angular\\organizer\\api\\models\\user.model.js","statementMap":{"0":{"start":{"line":1,"column":17},"end":{"line":1,"column":36}},"1":{"start":{"line":2,"column":15},"end":{"line":2,"column":30}},"2":{"start":{"line":4,"column":19},"end":{"line":25,"column":2}},"3":{"start":{"line":27,"column":13},"end":{"line":27,"column":47}},"4":{"start":{"line":29,"column":0},"end":{"line":29,"column":22}}},"fnMap":{},"branchMap":{},"s":{"0":3,"1":3,"2":3,"3":3,"4":3},"f":{},"b":{},"_coverageSchema":"1a1c01bbd47fc00a2c39e90264f33305004495a9","hash":"f564ba264dd61a93b3c637cc9b7569eb7b452b51"}
,"C:\\Users\\anurmatov\\Desktop\\angular\\organizer\\api\\routes\\projects.route.js": {"path":"C:\\Users\\anurmatov\\Desktop\\angular\\organizer\\api\\routes\\projects.route.js","statementMap":{"0":{"start":{"line":1,"column":16},"end":{"line":1,"column":34}},"1":{"start":{"line":2,"column":15},"end":{"line":2,"column":31}},"2":{"start":{"line":3,"column":25},"end":{"line":3,"column":79}},"3":{"start":{"line":11,"column":4},"end":{"line":11,"column":49}},"4":{"start":{"line":13,"column":0},"end":{"line":13,"column":33}},"5":{"start":{"line":14,"column":0},"end":{"line":14,"column":40}},"6":{"start":{"line":15,"column":0},"end":{"line":15,"column":50}},"7":{"start":{"line":16,"column":0},"end":{"line":16,"column":54}},"8":{"start":{"line":17,"column":0},"end":{"line":17,"column":37}},"9":{"start":{"line":19,"column":0},"end":{"line":19,"column":24}}},"fnMap":{},"branchMap":{},"s":{"0":3,"1":3,"2":3,"3":3,"4":3,"5":3,"6":3,"7":3,"8":3,"9":3},"f":{},"b":{},"_coverageSchema":"1a1c01bbd47fc00a2c39e90264f33305004495a9","hash":"11a62e03a690a2d1377ab7d672d5249fb0ec5ea4"}
,"C:\\Users\\anurmatov\\Desktop\\angular\\organizer\\api\\routes\\tasks.route.js": {"path":"C:\\Users\\anurmatov\\Desktop\\angular\\organizer\\api\\routes\\tasks.route.js","statementMap":{"0":{"start":{"line":1,"column":16},"end":{"line":1,"column":34}},"1":{"start":{"line":2,"column":15},"end":{"line":2,"column":31}},"2":{"start":{"line":3,"column":22},"end":{"line":3,"column":73}},"3":{"start":{"line":11,"column":4},"end":{"line":11,"column":46}},"4":{"start":{"line":13,"column":0},"end":{"line":13,"column":30}},"5":{"start":{"line":14,"column":0},"end":{"line":14,"column":44}},"6":{"start":{"line":15,"column":0},"end":{"line":15,"column":37}},"7":{"start":{"line":16,"column":0},"end":{"line":16,"column":48}},"8":{"start":{"line":17,"column":0},"end":{"line":17,"column":34}},"9":{"start":{"line":19,"column":0},"end":{"line":19,"column":24}}},"fnMap":{},"branchMap":{},"s":{"0":3,"1":3,"2":3,"3":3,"4":3,"5":3,"6":3,"7":3,"8":3,"9":3},"f":{},"b":{},"_coverageSchema":"1a1c01bbd47fc00a2c39e90264f33305004495a9","hash":"3c2f079054bb8f6c648d7bd9c60aab47ed80082f"}
,"C:\\Users\\anurmatov\\Desktop\\angular\\organizer\\api\\routes\\users.route.js": {"path":"C:\\Users\\anurmatov\\Desktop\\angular\\organizer\\api\\routes\\users.route.js","statementMap":{"0":{"start":{"line":1,"column":16},"end":{"line":1,"column":34}},"1":{"start":{"line":2,"column":15},"end":{"line":2,"column":31}},"2":{"start":{"line":10,"column":4},"end":{"line":10,"column":46}},"3":{"start":{"line":11,"column":24},"end":{"line":11,"column":78}},"4":{"start":{"line":12,"column":24},"end":{"line":12,"column":78}},"5":{"start":{"line":13,"column":13},"end":{"line":13,"column":56}},"6":{"start":{"line":15,"column":0},"end":{"line":15,"column":43}},"7":{"start":{"line":16,"column":0},"end":{"line":16,"column":44}},"8":{"start":{"line":17,"column":0},"end":{"line":17,"column":53}},"9":{"start":{"line":18,"column":0},"end":{"line":18,"column":53}},"10":{"start":{"line":19,"column":0},"end":{"line":19,"column":51}},"11":{"start":{"line":21,"column":0},"end":{"line":21,"column":24}}},"fnMap":{},"branchMap":{},"s":{"0":3,"1":3,"2":3,"3":3,"4":3,"5":3,"6":3,"7":3,"8":3,"9":3,"10":3,"11":3},"f":{},"b":{},"_coverageSchema":"1a1c01bbd47fc00a2c39e90264f33305004495a9","hash":"f0a3738b42399ddc090aced978089b58cb081f55"}
,"C:\\Users\\anurmatov\\Desktop\\angular\\organizer\\api\\services\\email.service.js": {"path":"C:\\Users\\anurmatov\\Desktop\\angular\\organizer\\api\\services\\email.service.js","statementMap":{"0":{"start":{"line":1,"column":19},"end":{"line":1,"column":40}},"1":{"start":{"line":2,"column":15},"end":{"line":2,"column":32}},"2":{"start":{"line":3,"column":13},"end":{"line":3,"column":28}},"3":{"start":{"line":4,"column":22},"end":{"line":4,"column":48}},"4":{"start":{"line":6,"column":0},"end":{"line":6,"column":16}},"5":{"start":{"line":8,"column":20},"end":{"line":14,"column":2}},"6":{"start":{"line":18,"column":4},"end":{"line":18,"column":35}},"7":{"start":{"line":22,"column":21},"end":{"line":22,"column":63}},"8":{"start":{"line":24,"column":4},"end":{"line":24,"column":43}},"9":{"start":{"line":25,"column":4},"end":{"line":25,"column":30}},"10":{"start":{"line":27,"column":26},"end":{"line":27,"column":74}},"11":{"start":{"line":28,"column":19},"end":{"line":30,"column":5}},"12":{"start":{"line":32,"column":17},"end":{"line":32,"column":61}},"13":{"start":{"line":34,"column":24},"end":{"line":39,"column":5}},"14":{"start":{"line":41,"column":4},"end":{"line":41,"column":50}},"15":{"start":{"line":45,"column":0},"end":{"line":45,"column":47}}},"fnMap":{"0":{"name":"(anonymous_0)","decl":{"start":{"line":17,"column":2},"end":{"line":17,"column":3}},"loc":{"start":{"line":17,"column":27},"end":{"line":19,"column":3}},"line":17},"1":{"name":"(anonymous_1)","decl":{"start":{"line":21,"column":2},"end":{"line":21,"column":3}},"loc":{"start":{"line":21,"column":52},"end":{"line":42,"column":3}},"line":21}},"branchMap":{},"s":{"0":3,"1":3,"2":3,"3":3,"4":3,"5":3,"6":3,"7":4,"8":4,"9":4,"10":4,"11":4,"12":4,"13":4,"14":4,"15":3},"f":{"0":3,"1":4},"b":{},"_coverageSchema":"1a1c01bbd47fc00a2c39e90264f33305004495a9","hash":"92434cb34ec10f3091b720b11998a33843d6ae9b"}
,"C:\\Users\\anurmatov\\Desktop\\angular\\organizer\\api\\services\\project.service.js": {"path":"C:\\Users\\anurmatov\\Desktop\\angular\\organizer\\api\\services\\project.service.js","statementMap":{"0":{"start":{"line":1,"column":16},"end":{"line":1,"column":50}},"1":{"start":{"line":5,"column":21},"end":{"line":7,"column":6}},"2":{"start":{"line":8,"column":4},"end":{"line":8,"column":20}},"3":{"start":{"line":12,"column":16},"end":{"line":12,"column":26}},"4":{"start":{"line":13,"column":18},"end":{"line":13,"column":76}},"5":{"start":{"line":14,"column":20},"end":{"line":22,"column":6}},"6":{"start":{"line":23,"column":4},"end":{"line":23,"column":19}},"7":{"start":{"line":27,"column":4},"end":{"line":27,"column":40}},"8":{"start":{"line":31,"column":23},"end":{"line":31,"column":43}},"9":{"start":{"line":32,"column":4},"end":{"line":32,"column":29}},"10":{"start":{"line":36,"column":4},"end":{"line":42,"column":6}},"11":{"start":{"line":46,"column":27},"end":{"line":52,"column":5}},"12":{"start":{"line":54,"column":4},"end":{"line":54,"column":26}},"13":{"start":{"line":58,"column":27},"end":{"line":58,"column":69}},"14":{"start":{"line":59,"column":4},"end":{"line":59,"column":26}},"15":{"start":{"line":63,"column":4},"end":{"line":69,"column":6}},"16":{"start":{"line":73,"column":0},"end":{"line":73,"column":38}}},"fnMap":{"0":{"name":"(anonymous_0)","decl":{"start":{"line":4,"column":2},"end":{"line":4,"column":3}},"loc":{"start":{"line":4,"column":32},"end":{"line":9,"column":3}},"line":4},"1":{"name":"(anonymous_1)","decl":{"start":{"line":11,"column":2},"end":{"line":11,"column":3}},"loc":{"start":{"line":11,"column":51},"end":{"line":24,"column":3}},"line":11},"2":{"name":"(anonymous_2)","decl":{"start":{"line":26,"column":2},"end":{"line":26,"column":3}},"loc":{"start":{"line":26,"column":27},"end":{"line":28,"column":3}},"line":26},"3":{"name":"(anonymous_3)","decl":{"start":{"line":30,"column":2},"end":{"line":30,"column":3}},"loc":{"start":{"line":30,"column":34},"end":{"line":33,"column":3}},"line":30},"4":{"name":"(anonymous_4)","decl":{"start":{"line":35,"column":2},"end":{"line":35,"column":3}},"loc":{"start":{"line":35,"column":44},"end":{"line":43,"column":3}},"line":35},"5":{"name":"(anonymous_5)","decl":{"start":{"line":45,"column":2},"end":{"line":45,"column":3}},"loc":{"start":{"line":45,"column":42},"end":{"line":55,"column":3}},"line":45},"6":{"name":"(anonymous_6)","decl":{"start":{"line":57,"column":2},"end":{"line":57,"column":3}},"loc":{"start":{"line":57,"column":33},"end":{"line":60,"column":3}},"line":57},"7":{"name":"(anonymous_7)","decl":{"start":{"line":62,"column":2},"end":{"line":62,"column":3}},"loc":{"start":{"line":62,"column":49},"end":{"line":70,"column":3}},"line":62}},"branchMap":{},"s":{"0":4,"1":1,"2":1,"3":1,"4":1,"5":1,"6":1,"7":1,"8":3,"9":3,"10":2,"11":1,"12":1,"13":1,"14":1,"15":1,"16":4},"f":{"0":1,"1":1,"2":1,"3":3,"4":2,"5":1,"6":1,"7":1},"b":{},"_coverageSchema":"1a1c01bbd47fc00a2c39e90264f33305004495a9","hash":"ef90eefd7f540cd4c4ee62e494e88acd229262f5"}
,"C:\\Users\\anurmatov\\Desktop\\angular\\organizer\\api\\services\\task.service.js": {"path":"C:\\Users\\anurmatov\\Desktop\\angular\\organizer\\api\\services\\task.service.js","statementMap":{"0":{"start":{"line":1,"column":13},"end":{"line":1,"column":47}},"1":{"start":{"line":2,"column":23},"end":{"line":2,"column":54}},"2":{"start":{"line":6,"column":20},"end":{"line":6,"column":34}},"3":{"start":{"line":7,"column":4},"end":{"line":9,"column":5}},"4":{"start":{"line":8,"column":6},"end":{"line":8,"column":68}},"5":{"start":{"line":10,"column":4},"end":{"line":10,"column":26}},"6":{"start":{"line":14,"column":16},"end":{"line":14,"column":26}},"7":{"start":{"line":15,"column":18},"end":{"line":15,"column":76}},"8":{"start":{"line":16,"column":18},"end":{"line":33,"column":29}},"9":{"start":{"line":35,"column":4},"end":{"line":35,"column":17}},"10":{"start":{"line":39,"column":4},"end":{"line":41,"column":7}},"11":{"start":{"line":45,"column":24},"end":{"line":45,"column":60}},"12":{"start":{"line":46,"column":4},"end":{"line":48,"column":5}},"13":{"start":{"line":47,"column":6},"end":{"line":47,"column":68}},"14":{"start":{"line":49,"column":4},"end":{"line":49,"column":23}},"15":{"start":{"line":53,"column":0},"end":{"line":53,"column":35}}},"fnMap":{"0":{"name":"(anonymous_0)","decl":{"start":{"line":5,"column":2},"end":{"line":5,"column":3}},"loc":{"start":{"line":5,"column":39},"end":{"line":11,"column":3}},"line":5},"1":{"name":"(anonymous_1)","decl":{"start":{"line":13,"column":2},"end":{"line":13,"column":3}},"loc":{"start":{"line":13,"column":48},"end":{"line":36,"column":3}},"line":13},"2":{"name":"(anonymous_2)","decl":{"start":{"line":38,"column":2},"end":{"line":38,"column":3}},"loc":{"start":{"line":38,"column":33},"end":{"line":42,"column":3}},"line":38},"3":{"name":"(anonymous_3)","decl":{"start":{"line":44,"column":2},"end":{"line":44,"column":3}},"loc":{"start":{"line":44,"column":38},"end":{"line":50,"column":3}},"line":44}},"branchMap":{"0":{"loc":{"start":{"line":7,"column":4},"end":{"line":9,"column":5}},"type":"if","locations":[{"start":{"line":7,"column":4},"end":{"line":9,"column":5}},{"start":{},"end":{}}],"line":7},"1":{"loc":{"start":{"line":46,"column":4},"end":{"line":48,"column":5}},"type":"if","locations":[{"start":{"line":46,"column":4},"end":{"line":48,"column":5}},{"start":{},"end":{}}],"line":46}},"s":{"0":3,"1":3,"2":1,"3":1,"4":0,"5":1,"6":1,"7":1,"8":1,"9":1,"10":2,"11":2,"12":1,"13":0,"14":1,"15":3},"f":{"0":1,"1":1,"2":2,"3":2},"b":{"0":[0,1],"1":[0,1]},"_coverageSchema":"1a1c01bbd47fc00a2c39e90264f33305004495a9","hash":"f381b16fb47f44ef95eeb8eb41942272760cea3b"}
,"C:\\Users\\anurmatov\\Desktop\\angular\\organizer\\api\\services\\user.service.js": {"path":"C:\\Users\\anurmatov\\Desktop\\angular\\organizer\\api\\services\\user.service.js","statementMap":{"0":{"start":{"line":1,"column":13},"end":{"line":1,"column":44}},"1":{"start":{"line":5,"column":20},"end":{"line":5,"column":34}},"2":{"start":{"line":6,"column":4},"end":{"line":6,"column":26}},"3":{"start":{"line":10,"column":4},"end":{"line":10,"column":35}},"4":{"start":{"line":14,"column":4},"end":{"line":14,"column":29}},"5":{"start":{"line":18,"column":4},"end":{"line":22,"column":6}},"6":{"start":{"line":26,"column":4},"end":{"line":26,"column":65}},"7":{"start":{"line":30,"column":0},"end":{"line":30,"column":35}}},"fnMap":{"0":{"name":"(anonymous_0)","decl":{"start":{"line":4,"column":2},"end":{"line":4,"column":3}},"loc":{"start":{"line":4,"column":25},"end":{"line":7,"column":3}},"line":4},"1":{"name":"(anonymous_1)","decl":{"start":{"line":9,"column":2},"end":{"line":9,"column":3}},"loc":{"start":{"line":9,"column":30},"end":{"line":11,"column":3}},"line":9},"2":{"name":"(anonymous_2)","decl":{"start":{"line":13,"column":2},"end":{"line":13,"column":3}},"loc":{"start":{"line":13,"column":24},"end":{"line":15,"column":3}},"line":13},"3":{"name":"(anonymous_3)","decl":{"start":{"line":17,"column":2},"end":{"line":17,"column":3}},"loc":{"start":{"line":17,"column":41},"end":{"line":23,"column":3}},"line":17},"4":{"name":"(anonymous_4)","decl":{"start":{"line":25,"column":2},"end":{"line":25,"column":3}},"loc":{"start":{"line":25,"column":45},"end":{"line":27,"column":3}},"line":25}},"branchMap":{},"s":{"0":3,"1":3,"2":3,"3":4,"4":16,"5":3,"6":1,"7":3},"f":{"0":3,"1":4,"2":16,"3":3,"4":1},"b":{},"_coverageSchema":"1a1c01bbd47fc00a2c39e90264f33305004495a9","hash":"c6439faebf98f01cfbda7b7b5957fdc43606a832"}
,"C:\\Users\\anurmatov\\Desktop\\angular\\organizer\\api\\utils\\constants.js": {"path":"C:\\Users\\anurmatov\\Desktop\\angular\\organizer\\api\\utils\\constants.js","statementMap":{"0":{"start":{"line":1,"column":23},"end":{"line":1,"column":25}},"1":{"start":{"line":2,"column":21},"end":{"line":2,"column":22}},"2":{"start":{"line":4,"column":0},"end":{"line":4,"column":50}}},"fnMap":{},"branchMap":{},"s":{"0":3,"1":3,"2":3},"f":{},"b":{},"_coverageSchema":"1a1c01bbd47fc00a2c39e90264f33305004495a9","hash":"0f5109811c34d1650ad26ea7ed65f9e88739a80e"}
}
